<?xml version="1.0" encoding="UTF-8"?>
<testsuite name="hello.AppTest" tests="1" skipped="0" failures="0" errors="0" timestamp="2023-01-11T22:55:26" hostname="Adams-MBP.attlocal.net" time="0.0">
  <properties/>
  <testcase name="appHasAGreeting" classname="hello.AppTest" time="0.0"/>
  <system-out><![CDATA[]]></system-out>
  <system-err><![CDATA[]]></system-err>
</testsuite>
